2019-04-30 22:35:28.173 - INFO  [           main] o.s.b.StartupInfoLogger        : Starting JtkjApplication on DESKTOP-L68UP35 with PID 19816 (G:\vue_learn\day0401\ETCDataManager_back\target\classes started by yangmeng in G:\vue_learn\day0401\ETCDataManager_back)
2019-04-30 22:35:28.194 - INFO  [           main] o.s.b.SpringApplication        : No active profile set, falling back to default profiles: default
2019-04-30 22:35:28.352 - INFO  [           main] c.s.AbstractApplicationContext : Refreshing org.springframework.boot.web.servlet.context.AnnotationConfigServletWebServerApplicationContext@5e7cd6cc: startup date [Tue Apr 30 22:35:28 CST 2019]; root of context hierarchy
2019-04-30 22:35:29.666 - INFO  [           main] epositoryConfigurationDelegate : Multiple Spring Data modules found, entering strict repository configuration mode!
2019-04-30 22:35:30.051 - INFO  [           main] egate$BeanPostProcessorChecker : Bean 'redisConfig' of type [com.jtkj.redis.RedisConfig$$EnhancerBySpringCGLIB$$b45ba74c] is not eligible for getting processed by all BeanPostProcessors (for example: not eligible for auto-proxying)
2019-04-30 22:35:30.058 - INFO  [           main] egate$BeanPostProcessorChecker : Bean 'org.springframework.transaction.annotation.ProxyTransactionManagementConfiguration' of type [org.springframework.transaction.annotation.ProxyTransactionManagementConfiguration$$EnhancerBySpringCGLIB$$dc81ee95] is not eligible for getting processed by all BeanPostProcessors (for example: not eligible for auto-proxying)
2019-04-30 22:35:30.589 - INFO  [           main] o.s.b.w.e.t.TomcatWebServer    : Tomcat initialized with port(s): 9000 (http)
2019-04-30 22:35:30.606 - INFO  [           main] o.a.j.l.DirectJDKLog           : Initializing ProtocolHandler ["http-nio-9000"]
2019-04-30 22:35:30.618 - INFO  [           main] o.a.j.l.DirectJDKLog           : Starting service [Tomcat]
2019-04-30 22:35:30.618 - INFO  [           main] o.a.j.l.DirectJDKLog           : Starting Servlet Engine: Apache Tomcat/8.5.32
2019-04-30 22:35:30.623 - INFO  [ost-startStop-1] o.a.j.l.DirectJDKLog           : The APR based Apache Tomcat Native library which allows optimal performance in production environments was not found on the java.library.path: [C:\Program Files\Java\jdk1.8.0_144\bin;C:\WINDOWS\Sun\Java\bin;C:\WINDOWS\system32;C:\WINDOWS;G:\app\yangmeng\product\11.2.0\dbhome_1\bin;C:\ProgramData\Oracle\Java\javapath;C:\WINDOWS\system32;C:\WINDOWS;C:\WINDOWS\System32\Wbem;C:\WINDOWS\System32\WindowsPowerShell\v1.0\;C:\Program Files\Java\jdk1.8.0_144\bin;C:\Program Files\TortoiseSVN\bin;C:\Program Files\Java\jdk1.8.0_144;C:\Users\yangmeng\AppData\Local\Programs\Python\Python36;C:\Program Files (x86)\Microsoft SQL Server\100\Tools\Binn\;C:\Program Files\Microsoft SQL Server\100\Tools\Binn\;C:\Program Files\Microsoft SQL Server\100\DTS\Binn\;C:\Program Files (x86)\Microsoft SQL Server\100\Tools\Binn\VSShell\Common7\IDE\;C:\Program Files (x86)\Microsoft Visual Studio 9.0\Common7\IDE\PrivateAssemblies\;C:\Program Files (x86)\Microsoft SQL Server\100\DTS\Binn\;D:\matlab_install\runtime\win64;D:\matlab_install\bin;C:\Program Files (x86)\Google\Chrome\Application;C:\Program Files (x86)\PTV_Vision\NEMA\JRE\bin\client;D:\SPSS\SPSS_install\JRE\bin;"C:\Program Files (x86)\scala\bin;C:\Program Files (x86)\scala\jre\bin;";C:\Program Files (x86)\scala\bin;"D:\Spark\bin;D:\Spark\bin;D:\hadoop\hadoop-2.6.4\bin;";C:\WINDOWS\System32\OpenSSH\;D:\maven\apache-maven-3.5.4\bin;C:\Program Files\VisualSVN Server\bin;C:\Program Files (x86)\Windows Kits\8.1\Windows Performance Toolkit\;C:\Program Files (x86)\Common Files\Business Objects\3.0\bin;C:\Program Files (x86)\Common Files\Business Objects\3.0\crystalreportviewers11\ActiveXControls;D:\node-v10\install\;C:\Users\yangmeng\AppData\Roaming\npm\node_modules;D:\git\git_install\Git\bin;C:\Program Files\Common Files\Autodesk Shared\;C:\Users\yangmeng\AppData\Local\Programs\Python\Python36\Scripts\;C:\Users\yangmeng\AppData\Local\Programs\Python\Python36\;C:\Users\yangmeng\AppData\Local\Microsoft\WindowsApps;"C:\Program Files\Java\jdk1.8.0_144\bin;C:\Program Files\Java\jdk1.8.0_144\jre\bin;";"C:\Tomcat\apache-tomcat-8.5.20\lib;C:\Tomcat\apache-tomcat-8.5.20\bin";C:\Program Files\MySQL\MySQL Server 5.7\bin;;C:\Users\yangmeng\AppData\Local\Programs\Fiddler;C:\Users\yangmeng\AppData\Local\Microsoft\WindowsApps;D:\vs-code\install\Microsoft VS Code\bin;C:\Users\yangmeng\AppData\Roaming\npm;.]
2019-04-30 22:35:30.804 - INFO  [ost-startStop-1] o.a.j.l.DirectJDKLog           : Initializing Spring embedded WebApplicationContext
2019-04-30 22:35:30.805 - INFO  [ost-startStop-1] letWebServerApplicationContext : Root WebApplicationContext: initialization completed in 2464 ms
2019-04-30 22:35:30.918 - INFO  [ost-startStop-1] .b.w.s.ServletRegistrationBean : Servlet dispatcherServlet mapped to [/]
2019-04-30 22:35:30.920 - INFO  [ost-startStop-1] .b.w.s.ServletRegistrationBean : Servlet statViewServlet mapped to [/druid/*]
2019-04-30 22:35:30.922 - INFO  [ost-startStop-1] AbstractFilterRegistrationBean : Mapping filter: 'characterEncodingFilter' to: [/*]
2019-04-30 22:35:30.923 - INFO  [ost-startStop-1] AbstractFilterRegistrationBean : Mapping filter: 'hiddenHttpMethodFilter' to: [/*]
2019-04-30 22:35:30.923 - INFO  [ost-startStop-1] AbstractFilterRegistrationBean : Mapping filter: 'httpPutFormContentFilter' to: [/*]
2019-04-30 22:35:30.923 - INFO  [ost-startStop-1] AbstractFilterRegistrationBean : Mapping filter: 'requestContextFilter' to: [/*]
2019-04-30 22:35:30.923 - INFO  [ost-startStop-1] AbstractFilterRegistrationBean : Mapping filter: 'webStatFilter' to urls: [/*]
2019-04-30 22:35:31.033 - INFO  [           main] a.DruidDataSourceAutoConfigure : Init DruidDataSource
2019-04-30 22:35:31.247 - INFO  [           main] c.a.d.p.DruidDataSource        : {dataSource-1} inited
2019-04-30 22:35:31.869 - INFO  [           main] .s.h.AbstractUrlHandlerMapping : Mapped URL path [/**/favicon.ico] onto handler of type [class org.springframework.web.servlet.resource.ResourceHttpRequestHandler]
2019-04-30 22:35:32.187 - INFO  [           main] a.RequestMappingHandlerAdapter : Looking for @ControllerAdvice: org.springframework.boot.web.servlet.context.AnnotationConfigServletWebServerApplicationContext@5e7cd6cc: startup date [Tue Apr 30 22:35:28 CST 2019]; root of context hierarchy
2019-04-30 22:35:32.243 - INFO  [           main] rMethodMapping$MappingRegistry : Mapped "{[/getFileContent]}" onto public java.util.Map<java.lang.String, java.lang.Object> com.jtkj.Controller.dataAnalyzeController.getFileContent(java.lang.String,java.lang.String) throws java.lang.Exception
2019-04-30 22:35:32.247 - INFO  [           main] rMethodMapping$MappingRegistry : Mapped "{[/getFileList]}" onto public java.util.Map<java.lang.String, java.lang.Object> com.jtkj.Controller.dataAnalyzeController.getFileList() throws java.lang.Exception
2019-04-30 22:35:32.248 - INFO  [           main] rMethodMapping$MappingRegistry : Mapped "{[/deleteFile]}" onto public java.util.Map<java.lang.String, java.lang.Object> com.jtkj.Controller.dataAnalyzeController.deleteFile(java.lang.String,java.lang.String) throws java.lang.Exception
2019-04-30 22:35:32.248 - INFO  [           main] rMethodMapping$MappingRegistry : Mapped "{[/UploadFile]}" onto public java.util.Map<java.lang.String, java.lang.Object> com.jtkj.Controller.dataAnalyzeController.uploadFile(org.springframework.web.multipart.MultipartFile,java.lang.String,javax.servlet.http.HttpServletRequest) throws java.lang.Exception
2019-04-30 22:35:32.249 - INFO  [           main] rMethodMapping$MappingRegistry : Mapped "{[/getFileList_Chart]}" onto public java.util.Map<java.lang.String, java.lang.Object> com.jtkj.Controller.dataChartController.getFileListChart() throws java.lang.Exception
2019-04-30 22:35:32.249 - INFO  [           main] rMethodMapping$MappingRegistry : Mapped "{[/getFileContent_Chart]}" onto public java.util.Map<java.lang.String, java.lang.Object> com.jtkj.Controller.dataChartController.getFileContentChart(java.lang.String) throws java.lang.Exception
2019-04-30 22:35:32.251 - INFO  [           main] rMethodMapping$MappingRegistry : Mapped "{[/getKmeans]}" onto public java.util.Map<java.lang.String, java.lang.Object> com.jtkj.Controller.dataMindingController.getKmeans() throws java.lang.Exception
2019-04-30 22:35:32.252 - INFO  [           main] rMethodMapping$MappingRegistry : Mapped "{[/getETCData]}" onto public java.util.Map<java.lang.String, java.lang.Object> com.jtkj.Controller.ETCDataController.getETCData() throws java.lang.Exception
2019-04-30 22:35:32.253 - INFO  [           main] rMethodMapping$MappingRegistry : Mapped "{[/getStation]}" onto public java.util.Map<java.lang.String, java.lang.Object> com.jtkj.Controller.stationController.getStation() throws java.lang.Exception
2019-04-30 22:35:32.253 - INFO  [           main] rMethodMapping$MappingRegistry : Mapped "{[/login-check]}" onto public java.util.Map<java.lang.String, java.lang.Object> com.jtkj.Controller.userController.loginCheck(java.lang.String,java.lang.String) throws java.lang.Exception
2019-04-30 22:35:32.254 - INFO  [           main] rMethodMapping$MappingRegistry : Mapped "{[/insertUser]}" onto public java.util.Map<java.lang.String, java.lang.Object> com.jtkj.Controller.userController.insertUser(java.lang.String,java.lang.String) throws java.lang.Exception
2019-04-30 22:35:32.256 - INFO  [           main] rMethodMapping$MappingRegistry : Mapped "{[/error]}" onto public org.springframework.http.ResponseEntity<java.util.Map<java.lang.String, java.lang.Object>> org.springframework.boot.autoconfigure.web.servlet.error.BasicErrorController.error(javax.servlet.http.HttpServletRequest)
2019-04-30 22:35:32.256 - INFO  [           main] rMethodMapping$MappingRegistry : Mapped "{[/error],produces=[text/html]}" onto public org.springframework.web.servlet.ModelAndView org.springframework.boot.autoconfigure.web.servlet.error.BasicErrorController.errorHtml(javax.servlet.http.HttpServletRequest,javax.servlet.http.HttpServletResponse)
2019-04-30 22:35:32.285 - INFO  [           main] .s.h.AbstractUrlHandlerMapping : Mapped URL path [/webjars/**] onto handler of type [class org.springframework.web.servlet.resource.ResourceHttpRequestHandler]
2019-04-30 22:35:32.285 - INFO  [           main] .s.h.AbstractUrlHandlerMapping : Mapped URL path [/**] onto handler of type [class org.springframework.web.servlet.resource.ResourceHttpRequestHandler]
2019-04-30 22:35:32.714 - INFO  [           main] o.s.j.e.MBeanExporter          : Registering beans for JMX exposure on startup
2019-04-30 22:35:32.715 - INFO  [           main] o.s.j.e.MBeanExporter          : Bean with name 'statFilter' has been autodetected for JMX exposure
2019-04-30 22:35:32.716 - INFO  [           main] o.s.j.e.MBeanExporter          : Bean with name 'dataSource' has been autodetected for JMX exposure
2019-04-30 22:35:32.722 - INFO  [           main] o.s.j.e.MBeanExporter          : Located MBean 'dataSource': registering with JMX server as MBean [com.alibaba.druid.spring.boot.autoconfigure:name=dataSource,type=DruidDataSourceWrapper]
2019-04-30 22:35:32.723 - INFO  [           main] o.s.j.e.MBeanExporter          : Located MBean 'statFilter': registering with JMX server as MBean [com.alibaba.druid.filter.stat:name=statFilter,type=StatFilter]
2019-04-30 22:35:32.733 - INFO  [           main] o.a.j.l.DirectJDKLog           : Starting ProtocolHandler ["http-nio-9000"]
2019-04-30 22:35:32.744 - INFO  [           main] o.a.j.l.DirectJDKLog           : Using a shared selector for servlet write/read
2019-04-30 22:35:32.763 - INFO  [           main] o.s.b.w.e.t.TomcatWebServer    : Tomcat started on port(s): 9000 (http) with context path ''
2019-04-30 22:35:32.770 - INFO  [           main] o.s.b.StartupInfoLogger        : Started JtkjApplication in 5.188 seconds (JVM running for 6.833)
2019-04-30 22:35:42.265 - INFO  [nio-9000-exec-1] o.a.j.l.DirectJDKLog           : Initializing Spring FrameworkServlet 'dispatcherServlet'
2019-04-30 22:35:42.265 - INFO  [nio-9000-exec-1] o.s.w.s.FrameworkServlet       : FrameworkServlet 'dispatcherServlet': initialization started
2019-04-30 22:35:42.291 - INFO  [nio-9000-exec-1] o.s.w.s.FrameworkServlet       : FrameworkServlet 'dispatcherServlet': initialization completed in 26 ms
